<?xml version="1.0" encoding="UTF-8"?>
<!-- Generated by org.testng.reporters.JUnitReportReporter -->
<testsuite hostname="DESKTOP-LJUP405" failures="0" tests="1" name="UAT.g" time="141.073" errors="0" timestamp="2024-07-25T12:02:29 IST" skipped="0">
  <testcase classname="UAT.g" name="test" time="141.073"/>
  <system-out/>
</testsuite> <!-- UAT.g -->
